[2018-09-30 11:03:49,050] multiqc                                            [DEBUG  ]  No MultiQC config found: /mnt/testscratch/lanno001/poreTally_ecoliLoman_20180825_2/envs/.snakemake/conda/f2b91170/lib/python3.5/site-packages/multiqc_config.yaml
[2018-09-30 11:03:49,051] multiqc                                            [DEBUG  ]  No MultiQC config found: /home/lanno001/.multiqc_config.yaml
[2018-09-30 11:03:49,051] multiqc                                            [DEBUG  ]  No MultiQC config found: multiqc_config.yaml
[2018-09-30 11:03:49,051] multiqc                                            [DEBUG  ]  Command used: /mnt/testscratch/lanno001/poreTally_ecoliLoman_20180825_2/envs/.snakemake/conda/f2b91170/bin/multiqc -i Assembler Benchmark report --filename REPORT -o . -f -p --tag assembler_benchmark --template assembler_benchmark /mnt/testscratch/lanno001/poreTally_ecoliLoman_20180825_2/analysis/summary/ --data-format yaml
[2018-09-30 11:03:49,343] multiqc                                            [WARNING]  MultiQC Version v1.6 now available!
[2018-09-30 11:03:49,343] multiqc                                            [INFO   ]  This is MultiQC v1.5.dev0
[2018-09-30 11:03:49,343] multiqc                                            [DEBUG  ]  Command     : /mnt/testscratch/lanno001/poreTally_ecoliLoman_20180825_2/envs/.snakemake/conda/f2b91170/bin/multiqc -i Assembler Benchmark report --filename REPORT -o . -f -p --tag assembler_benchmark --template assembler_benchmark /mnt/testscratch/lanno001/poreTally_ecoliLoman_20180825_2/analysis/summary/ --data-format yaml
[2018-09-30 11:03:49,343] multiqc                                            [DEBUG  ]  Working dir : /mnt/testscratch/lanno001/poreTally_ecoliLoman_20180825_2/analysis/summary
[2018-09-30 11:03:49,343] multiqc                                            [INFO   ]  Template    : assembler_benchmark
[2018-09-30 11:03:49,343] multiqc                                            [INFO   ]  Report title: Assembler Benchmark report
[2018-09-30 11:03:49,344] multiqc                                            [INFO   ]  Searching '/mnt/testscratch/lanno001/poreTally_ecoliLoman_20180825_2/analysis/summary/'
[2018-09-30 11:03:49,344] multiqc                                            [INFO   ]  Only using modules with 'assembler_benchmark' tag
[2018-09-30 11:03:49,345] multiqc                                            [DEBUG  ]  Analysing modules: ab_methods_section, ab_read_quality, quast, jellyfish, mummerplot, ab_cpu_times, nucmer
[2018-09-30 11:03:49,345] multiqc                                            [DEBUG  ]  Using temporary directory for creating report: /tmp/tmpomig3tsn
[2018-09-30 11:03:49,550] multiqc                                            [DEBUG  ]  Ignored search patterns as didn't match running modules: picard/oxogmetrics, qualimap/bamqc/gc_dist, bbmap/qhist, bbmap/bqhist, flexbar, slamdunk/tcperreadpos, bamtools/stats, deeptools/estimateReadFiltering, preseq/real_counts, gatk/varianteval, vcftools/tstv_by_count, goleft_indexcov/roc, rseqc/infer_experiment, bbmap/statsfile, hicexplorer, slamdunk/summary, bbmap/lhist, qualimap/bamqc/genome_fraction, rseqc/read_distribution, disambiguate, rseqc/junction_annotation, picard/hsmetrics, deeptools/bamPEFragmentSize, deeptools/plotCoverageOutRawCounts, bismark/align, afterqc, bbmap/idhist, slamdunk/rates, picard/basedistributionbycycle, qualimap/rnaseq/coverage, supernova/kmers, bismark/bam2nuc, clusterflow/runfiles, picard/insertsize, rseqc/read_duplication_pos, fastqc/theoretical_gc, bbmap/covhist, picard/alignment_metrics, bbmap/qahist, verifybamid/selfsm, bowtie2, slamdunk/tcperutrpos, salmon/fld, bowtie1, bismark/meth_extract, picard/rrbs_metrics, homer/findpeaks, gatk/base_recalibrator, vcftools/tstv_by_qual, fastqc/data, custom_content, goleft_indexcov/ped, star/genecounts, interop/summary, picard/rnaseqmetrics, deeptools/plotCoverageStdout, snpeff, prokka, deeptools/plotFingerprintOutQualityMetrics, sargasso, peddy/ped_check, featurecounts, star, peddy/sex_check, bismark/m_bias, bbmap/mhist, homer/genomeGCcontent, homer/GCcontent, supernova/report, vcftools/relatedness2, macs2, htseq, rseqc/bam_stat, homer/FreqDistribution, rseqc/gene_body_coverage, methylQA, rsem, vcftools/tstv_summary, bcl2fastq, cutadapt, qualimap/rnaseq/rnaseq_results, qualimap/bamqc/genome_results, qorts, bbmap/rpkm, samtools/stats, homer/tagInfo, fastq_screen, rna_seqc/metrics, rseqc/inner_distance, rna_seqc/correlation, homer/RestrictionDistribution, tophat, deeptools/plotEnrichment, bbmap/ehist, kallisto, samtools/rmdup, homer/LengthDistribution, preseq, skewer, bbmap/aqhist, salmon/meta, clusterflow/logs, bbmap/gchist, trimmomatic, samblaster, hisat2, slamdunk/utrrates, sortmerna, conpair/contamination, rseqc/read_gc, picard/wgs_metrics, bismark/dedup, deeptools/plotFingerprintOutRawCounts, leehom, interop/index-summary, bcftools/stats, bbmap/bhist, rseqc/junction_saturation, theta2, picard/pcr_metrics, bbmap/covstats, bbmap/statsfile_machine, conpair/concordance, biobloomtools, samtools/idxstats, adapterRemoval, peddy/het_check, bbmap/bincov, qualimap/bamqc/insert_size, fastqc/zip, supernova/molecules, hicup, bbmap/indelhist, slamdunk/PCA, peddy/summary_table, rna_seqc/coverage, qualimap/bamqc/coverage, bbmap/ihist, samtools/flagstat, picard/markdups, supernova/summary, picard/gcbias, busco
[2018-09-30 11:03:57,973] multiqc.modules.ab_read_quality.ab_read_quality    [INFO   ]  found nanostats file
[2018-09-30 11:03:59,640] multiqc.modules.quast.quast                        [INFO   ]  Found 2 reports
[2018-09-30 11:04:02,032] multiqc.modules.jellyfish.jellyfish                [INFO   ]  Found 0 histogram files
[2018-09-30 11:04:02,032] multiqc.modules.jellyfish.jellyfish                [INFO   ]  Found 3 count (dump) files
[2018-09-30 11:04:03,014] multiqc.modules.mummerplot.mummerplot              [INFO   ]  found mummerplot images
[2018-09-30 11:04:03,656] multiqc.modules.ab_cpu_times.ab_cpu_times          [INFO   ]  found CPU resource files
[2018-09-30 11:04:03,736] multiqc                                            [DEBUG  ]  No samples found: nucmer
[2018-09-30 11:04:03,766] multiqc                                            [INFO   ]  Compressing plot data
[2018-09-30 11:04:04,846] multiqc                                            [INFO   ]  Report      : multiqc_report/REPORT.html
[2018-09-30 11:04:04,846] multiqc                                            [INFO   ]  Data        : multiqc_report/REPORT_data
[2018-09-30 11:04:04,850] multiqc                                            [DEBUG  ]  Moving data file from '/tmp/tmpomig3tsn/multiqc_data/mqc_quast_num_contigs_1.yaml' to './multiqc_report/REPORT_data'
[2018-09-30 11:04:04,866] multiqc                                            [DEBUG  ]  Moving data file from '/tmp/tmpomig3tsn/multiqc_data/multiqc_sources.yaml' to './multiqc_report/REPORT_data'
[2018-09-30 11:04:04,881] multiqc                                            [DEBUG  ]  Moving data file from '/tmp/tmpomig3tsn/multiqc_data/multiqc_quast.yaml' to './multiqc_report/REPORT_data'
[2018-09-30 11:04:04,896] multiqc                                            [DEBUG  ]  Moving data file from '/tmp/tmpomig3tsn/multiqc_data/multiqc_data.json' to './multiqc_report/REPORT_data'
[2018-09-30 11:04:04,929] multiqc                                            [DEBUG  ]  Moving data file from '/tmp/tmpomig3tsn/multiqc_data/cpu_usage.yaml' to './multiqc_report/REPORT_data'
[2018-09-30 11:04:04,944] multiqc                                            [DEBUG  ]  Moving data file from '/tmp/tmpomig3tsn/multiqc_data/multiqc_general_stats.yaml' to './multiqc_report/REPORT_data'
[2018-09-30 11:04:04,972] multiqc                                            [DEBUG  ]  Moving data file from '/tmp/tmpomig3tsn/multiqc_data/ab_methods.yaml' to './multiqc_report/REPORT_data'
[2018-09-30 11:04:04,992] multiqc                                            [DEBUG  ]  Moving data file from '/tmp/tmpomig3tsn/multiqc_data/multiqc_readqual_summary.yaml' to './multiqc_report/REPORT_data'
[2018-09-30 11:04:05,009] multiqc                                            [INFO   ]  Plots       : multiqc_report/multiqc_plots
[2018-09-30 11:04:05,009] multiqc                                            [DEBUG  ]  Moving plots directory from '/tmp/tmpomig3tsn/multiqc_plots/svg' to './multiqc_report/multiqc_plots'
[2018-09-30 11:04:05,048] multiqc                                            [DEBUG  ]  Moving plots directory from '/tmp/tmpomig3tsn/multiqc_plots/pdf' to './multiqc_report/multiqc_plots'
[2018-09-30 11:04:05,088] multiqc                                            [DEBUG  ]  Moving plots directory from '/tmp/tmpomig3tsn/multiqc_plots/png' to './multiqc_report/multiqc_plots'
[2018-09-30 11:04:06,698] multiqc                                            [INFO   ]  MultiQC complete
