START METHODS PRINTING
description: Flye uses A-Bruijn graphs to assemble long error-prone reads. To do so, it follows arbitrary paths through the assembly graph and constructs new assembly graphs from these paths.
versions:
  flye: 2.3.5-release
END METHODS PRINTING
[2018-09-25 12:53:09] INFO: Running Flye 2.3.5-release
[2018-09-25 12:53:09] INFO: Assembling reads
[2018-09-25 12:53:09] INFO: Running with k-mer size: 15
[2018-09-25 12:53:09] INFO: Reading sequences
[2018-09-25 12:53:15] INFO: Reads N50/90: 62541 / 17862
[2018-09-25 12:53:15] INFO: Selected minimum overlap 5000
[2018-09-25 12:53:15] INFO: Expected read coverage: 187
[2018-09-25 12:53:15] INFO: Generating solid k-mer index
[2018-09-25 12:53:36] INFO: Counting kmers (1/2):
0% 10% 20% 30% 40% 50% 60% 70% 80% 90% 100% 
[2018-09-25 12:53:48] INFO: Counting kmers (2/2):
0% 10% 20% 30% 40% 50% 60% 70% 80% 90% 100% 
[2018-09-25 12:54:15] INFO: Filling index table
0% 10% 20% 30% 40% 50% 60% 70% 80% 90% 100% 
[2018-09-25 12:54:43] INFO: Extending reads
[2018-09-25 12:58:33] INFO: Overlap-based coverage: 141
[2018-09-25 12:58:33] INFO: Median overlap divergence: 0.0833637
0% 10% 20% 30% 40% 50% 60% 70% 80% 90% 100% 
[2018-09-25 13:01:04] INFO: Assembled 1 draft contigs
[2018-09-25 13:01:04] INFO: Generating contig sequences
0% 10% 20% 30% 40% 50% 60% 70% 80% 90% 100% 
[2018-09-25 13:03:13] INFO: Running Minimap2
[2018-09-25 13:05:06] INFO: Computing consensus
[2018-09-25 13:20:45] INFO: Alignment error rate: 0.218077368945
[2018-09-25 13:20:45] INFO: Performing repeat analysis
[2018-09-25 13:20:45] INFO: Reading sequences
[2018-09-25 13:20:48] INFO: Building repeat graph
50% 100% 
[2018-09-25 13:21:18] INFO: Median overlap divergence: 0.0340339
[2018-09-25 13:21:18] INFO: Aligning reads to the graph
0% 10% 20% 30% 40% 50% 60% 70% 80% 90% 100% 
[2018-09-25 13:22:39] INFO: Aligned read sequence: 812990402 / 858523015 (0.946964)
[2018-09-25 13:22:39] INFO: Median overlap divergence: 0.0582507
[2018-09-25 13:22:40] INFO: Mean edge coverage: 185
[2018-09-25 13:22:40] INFO: Resolving repeats
[2018-09-25 13:22:40] INFO: Generating contigs
[2018-09-25 13:22:40] INFO: Generated 1 contigs
[2018-09-25 13:22:41] INFO: Polishing genome (1/1)
[2018-09-25 13:22:41] INFO: Running Minimap2
[2018-09-25 13:24:18] INFO: Separating alignment into bubbles
[2018-09-25 13:43:28] INFO: Alignment error rate: 0.16753271349
[2018-09-25 13:43:28] INFO: Correcting bubbles
0% 10% 20% 30% 40% 50% 60% 70% 80% 90% 100% 
[2018-09-25 13:45:30] INFO: Assembly statistics:

	Total length:	4634556
	Contigs:	1
	Scaffolds:	1
	Scaffolds N50:	4634556
	Largest scf:	4634556
	Mean coverage:	174

[2018-09-25 13:45:30] INFO: Final assembly: /mnt/testscratch/lanno001/poreTally_ecoliLoman_20180825_2/assembler_results/flye/scaffolds.fasta
